Command line invocation:
    /Applications/Xcode.app/Contents/Developer/usr/bin/xcodebuild -project PrismMessenger.xcodeproj -scheme PrismMessenger -sdk iphonesimulator -destination "platform=iOS Simulator,name=iPhone 16" build

User defaults from command line:
    IDEPackageSupportUseBuiltinSCM = YES

Build settings from command line:
    SDKROOT = iphonesimulator18.2

Resolve Package Graph


Resolved source packages:
  KeychainAccess: https://github.com/kishikawakatsumi/KeychainAccess.git @ 4.2.2

--- xcodebuild: WARNING: Using the first of multiple matching destinations:
{ platform:iOS Simulator, id:5BE25D80-DA80-4B10-8908-EDD47EFE845E, OS:18.2, name:iPhone 16 }
{ platform:iOS Simulator, id:5BE25D80-DA80-4B10-8908-EDD47EFE845E, OS:18.2, name:iPhone 16 }
Prepare packages

ComputeTargetDependencyGraph
note: Building targets in dependency order
note: Target dependency graph (3 targets)
    Target 'PrismMessenger' in project 'PrismMessenger'
        ➜ Explicit dependency on target 'KeychainAccess' in project 'KeychainAccess'
    Target 'KeychainAccess' in project 'KeychainAccess'
        ➜ Explicit dependency on target 'KeychainAccess' in project 'KeychainAccess'
    Target 'KeychainAccess' in project 'KeychainAccess' (no dependencies)

GatherProvisioningInputs

CreateBuildDescription

ExecuteExternalTool /Applications/Xcode.app/Contents/Developer/Toolchains/XcodeDefault.xctoolchain/usr/bin/swiftc --version

ExecuteExternalTool /Applications/Xcode.app/Contents/Developer/usr/bin/actool --print-asset-tag-combinations --output-format xml1 /Users/distractedm1nd/Programming/Xcode/prism-messenger-ios/PrismMessenger/Preview Content/Preview Assets.xcassets /Users/distractedm1nd/Programming/Xcode/prism-messenger-ios/PrismMessenger/Assets.xcassets

ExecuteExternalTool /Applications/Xcode.app/Contents/Developer/Toolchains/XcodeDefault.xctoolchain/usr/bin/clang -v -E -dM -isysroot /Applications/Xcode.app/Contents/Developer/Platforms/iPhoneSimulator.platform/Developer/SDKs/iPhoneSimulator18.2.sdk -x c -c /dev/null

ExecuteExternalTool /Applications/Xcode.app/Contents/Developer/usr/bin/actool --version --output-format xml1

ExecuteExternalTool /Applications/Xcode.app/Contents/Developer/Toolchains/XcodeDefault.xctoolchain/usr/bin/ld -version_details

Build description signature: d650fafe81ec7e2f1c3c415994f8f594
Build description path: /Users/distractedm1nd/Library/Developer/Xcode/DerivedData/PrismMessenger-gijpsnxrgiuiwjcccrjcmfvrnplm/Build/Intermediates.noindex/XCBuildData/d650fafe81ec7e2f1c3c415994f8f594.xcbuilddata
ClangStatCache /Applications/Xcode.app/Contents/Developer/Toolchains/XcodeDefault.xctoolchain/usr/bin/clang-stat-cache /Applications/Xcode.app/Contents/Developer/Platforms/iPhoneSimulator.platform/Developer/SDKs/iPhoneSimulator18.2.sdk /Users/distractedm1nd/Library/Developer/Xcode/DerivedData/SDKStatCaches.noindex/iphonesimulator18.2-22C146-07b28473f605e47e75261259d3ef3b5a.sdkstatcache
    cd /Users/distractedm1nd/Programming/Xcode/prism-messenger-ios/PrismMessenger.xcodeproj
    /Applications/Xcode.app/Contents/Developer/Toolchains/XcodeDefault.xctoolchain/usr/bin/clang-stat-cache /Applications/Xcode.app/Contents/Developer/Platforms/iPhoneSimulator.platform/Developer/SDKs/iPhoneSimulator18.2.sdk -o /Users/distractedm1nd/Library/Developer/Xcode/DerivedData/SDKStatCaches.noindex/iphonesimulator18.2-22C146-07b28473f605e47e75261259d3ef3b5a.sdkstatcache

ProcessInfoPlistFile /Users/distractedm1nd/Library/Developer/Xcode/DerivedData/PrismMessenger-gijpsnxrgiuiwjcccrjcmfvrnplm/Build/Products/Debug-iphonesimulator/PrismMessenger.app/Info.plist /Users/distractedm1nd/Library/Developer/Xcode/DerivedData/PrismMessenger-gijpsnxrgiuiwjcccrjcmfvrnplm/Build/Intermediates.noindex/PrismMessenger.build/Debug-iphonesimulator/PrismMessenger.build/empty-PrismMessenger.plist (in target 'PrismMessenger' from project 'PrismMessenger')
    cd /Users/distractedm1nd/Programming/Xcode/prism-messenger-ios
    builtin-infoPlistUtility /Users/distractedm1nd/Library/Developer/Xcode/DerivedData/PrismMessenger-gijpsnxrgiuiwjcccrjcmfvrnplm/Build/Intermediates.noindex/PrismMessenger.build/Debug-iphonesimulator/PrismMessenger.build/empty-PrismMessenger.plist -producttype com.apple.product-type.application -genpkginfo /Users/distractedm1nd/Library/Developer/Xcode/DerivedData/PrismMessenger-gijpsnxrgiuiwjcccrjcmfvrnplm/Build/Products/Debug-iphonesimulator/PrismMessenger.app/PkgInfo -expandbuildsettings -format binary -platform iphonesimulator -additionalcontentfile /Users/distractedm1nd/Library/Developer/Xcode/DerivedData/PrismMessenger-gijpsnxrgiuiwjcccrjcmfvrnplm/Build/Intermediates.noindex/PrismMessenger.build/Debug-iphonesimulator/PrismMessenger.build/assetcatalog_generated_info.plist -o /Users/distractedm1nd/Library/Developer/Xcode/DerivedData/PrismMessenger-gijpsnxrgiuiwjcccrjcmfvrnplm/Build/Products/Debug-iphonesimulator/PrismMessenger.app/Info.plist

CopySwiftLibs /Users/distractedm1nd/Library/Developer/Xcode/DerivedData/PrismMessenger-gijpsnxrgiuiwjcccrjcmfvrnplm/Build/Products/Debug-iphonesimulator/PrismMessenger.app (in target 'PrismMessenger' from project 'PrismMessenger')
    cd /Users/distractedm1nd/Programming/Xcode/prism-messenger-ios
    builtin-swiftStdLibTool --copy --verbose --sign - --scan-executable /Users/distractedm1nd/Library/Developer/Xcode/DerivedData/PrismMessenger-gijpsnxrgiuiwjcccrjcmfvrnplm/Build/Products/Debug-iphonesimulator/PrismMessenger.app/PrismMessenger.debug.dylib --scan-folder /Users/distractedm1nd/Library/Developer/Xcode/DerivedData/PrismMessenger-gijpsnxrgiuiwjcccrjcmfvrnplm/Build/Products/Debug-iphonesimulator/PrismMessenger.app/Frameworks --scan-folder /Users/distractedm1nd/Library/Developer/Xcode/DerivedData/PrismMessenger-gijpsnxrgiuiwjcccrjcmfvrnplm/Build/Products/Debug-iphonesimulator/PrismMessenger.app/PlugIns --scan-folder /Users/distractedm1nd/Library/Developer/Xcode/DerivedData/PrismMessenger-gijpsnxrgiuiwjcccrjcmfvrnplm/Build/Products/Debug-iphonesimulator/PrismMessenger.app/SystemExtensions --scan-folder /Users/distractedm1nd/Library/Developer/Xcode/DerivedData/PrismMessenger-gijpsnxrgiuiwjcccrjcmfvrnplm/Build/Products/Debug-iphonesimulator/PrismMessenger.app/Extensions --platform iphonesimulator --toolchain /Applications/Xcode.app/Contents/Developer/Toolchains/XcodeDefault.xctoolchain --destination /Users/distractedm1nd/Library/Developer/Xcode/DerivedData/PrismMessenger-gijpsnxrgiuiwjcccrjcmfvrnplm/Build/Products/Debug-iphonesimulator/PrismMessenger.app/Frameworks --strip-bitcode --strip-bitcode-tool /Applications/Xcode.app/Contents/Developer/Toolchains/XcodeDefault.xctoolchain/usr/bin/bitcode_strip --emit-dependency-info /Users/distractedm1nd/Library/Developer/Xcode/DerivedData/PrismMessenger-gijpsnxrgiuiwjcccrjcmfvrnplm/Build/Intermediates.noindex/PrismMessenger.build/Debug-iphonesimulator/PrismMessenger.build/SwiftStdLibToolInputDependencies.dep --filter-for-swift-os

** BUILD SUCCEEDED **

